********************************************************************************
DUPLICATOR-LITE PACKAGE-LOG: December 27, 2021 11:08 am
NOTICE: Do NOT post to public sites or forums 
********************************************************************************
VERSION:	1.4.3
WORDPRESS:	5.8.2
PHP INFO:	8.0.6 | SAPI: apache2handler
SERVER:		Apache/2.4.47 (Win64) OpenSSL/1.1.1k PHP/8.0.6 
PHP TIME LIMIT: (0) no time limit imposed 
PHP MAX MEMORY: 4294967296 (512M default) 
MEMORY STACK: 8MB

********************************************************************************
DATABASE:
********************************************************************************
BUILD MODE:   MYSQLDUMP
MYSQLTIMEOUT: 5000
MYSQLDUMP:    Is Supported
SQL CREATED: 20211227_blog_895dbc26b7cfdb9c3831_20211227110827_database.sql
SQL FILE SIZE: 1.06MB (1111250)
SQL FILE TIME: 2021-12-27 11:08:54
SQL RUNTIME: 2.64 sec.

********************************************************************************
ARCHIVE (ZIP):
********************************************************************************
ARCHIVE DIR:  C:/xampp/htdocs/wordpress
ARCHIVE FILE: 20211227_blog_895dbc26b7cfdb9c3831_20211227110827_archive.zip
FILTERS: *OFF*
DIRS:
	not set
FILES:
	not set
EXTS:  not set
----------------------------------------
COMPRESSING
SIZE:	100.18MB
STATS:	Dirs 618 | Files 4,962
SQL ADDED: 20211227_blog_895dbc26b7cfdb9c3831_20211227110827_database.sql
ZipArchive Object
(
    [lastId] => 5579
    [status] => 0
    [statusSys] => 0
    [numFiles] => 5580
    [filename] => C:\xampp\htdocs\wordpress\wp-content\backups-dup-lite\tmp\20211227_blog_895dbc26b7cfdb9c3831_20211227110827_archive.zip
    [comment] => 
)

FILE ADDED TO ZIP: 5579
COMPRESSION RESULT: '1'
COMPRESSED SIZE: 37.16MB
ARCHIVE RUNTIME: 89.73 sec.
MEMORY STACK: 10MB
building installer
add_extra_files1
add_extra_files2
add_extra_files3
add_extra_files4
Doing archive file check
add_extra_files5
add_extra_files6
add_extra_files8
Successfully opened zip C:/xampp/htdocs/wordpress/wp-content/backups-dup-lite/tmp/20211227_blog_895dbc26b7cfdb9c3831_20211227110827_archive.zip
Adding enhanced installer files to archive using ZipArchive
Installer files added to archive
Added to archive
After ziparchive close when adding installer

********************************************************************************
INTEGRITY CHECKS:
********************************************************************************
SQL FILE: 1.06MB
INSTALLER FILE: 64.25KB
ARCHIVE FILE: 38.16MB 
EXPECTED FILE/DIRECTORY COUNT: 5,580
ACTUAL FILE/DIRECTORY COUNT: 5,579
ARCHIVE CONSISTENCY TEST: Pass

********************************************************************************
RECORD ID:[1]
TOTAL PROCESS RUNTIME: 93.53 sec.
PEAK PHP MEMORY USED: 10MB
DONE PROCESSING => 20211227_blog December 27, 2021 11:10 am

